<?xml version="1.0" encoding="UTF-8"?>
<!-- Generated by org.testng.reporters.JUnitReportReporter -->
<testsuite hostname="Supraja-Shivakumar" failures="0" tests="1" name="CucumberOptions.TestNg_TestRunner" time="7.325" errors="0" timestamp="2023-02-26T11:52:33 IST" skipped="0">
  <testcase classname="CucumberOptions.TestNg_TestRunner" name="runScenario" time="7.325"/>
  <system-out/>
</testsuite> <!-- CucumberOptions.TestNg_TestRunner -->
